[debug] [2026-06-01T15:15:31.123Z] ----------------------------------------------------------------------
[debug] [2026-06-01T15:15:31.126Z] Command:       C:\Program Files\nodejs\node.exe C:\Users\DELL\AppData\Roaming\npm\node_modules\firebase-tools\lib\bin\firebase.js deploy --only functions
[debug] [2026-06-01T15:15:31.127Z] CLI Version:   15.18.0
[debug] [2026-06-01T15:15:31.127Z] Platform:      win32
[debug] [2026-06-01T15:15:31.127Z] Node Version:  v20.19.5
[debug] [2026-06-01T15:15:31.127Z] Time:          Mon Jun 01 2026 20:45:31 GMT+0530 (India Standard Time)
[debug] [2026-06-01T15:15:31.128Z] ----------------------------------------------------------------------
[debug] 
[debug] [2026-06-01T15:15:34.294Z] > command requires scopes: ["email","openid","https://www.googleapis.com/auth/cloudplatformprojects.readonly","https://www.googleapis.com/auth/firebase","https://www.googleapis.com/auth/cloud-platform"]
[debug] [2026-06-01T15:15:34.296Z] > authorizing via signed-in user (viskez.tech@gmail.com)
[debug] [2026-06-01T15:15:34.296Z] [iam] checking project truckapp-api for permissions ["cloudfunctions.functions.create","cloudfunctions.functions.delete","cloudfunctions.functions.get","cloudfunctions.functions.list","cloudfunctions.functions.update","cloudfunctions.operations.get","firebase.projects.get"]
[debug] [2026-06-01T15:15:34.298Z] Checked if tokens are valid: false, expires at: 1780252728931
[debug] [2026-06-01T15:15:34.298Z] Checked if tokens are valid: false, expires at: 1780252728931
[debug] [2026-06-01T15:15:34.299Z] > refreshing access token with scopes: []
[debug] [2026-06-01T15:15:34.301Z] >>> [apiv2][query] POST https://www.googleapis.com/oauth2/v3/token [none]
[debug] [2026-06-01T15:15:34.302Z] >>> [apiv2][body] POST https://www.googleapis.com/oauth2/v3/token [omitted]
[debug] [2026-06-01T15:15:34.852Z] <<< [apiv2][status] POST https://www.googleapis.com/oauth2/v3/token 200
[debug] [2026-06-01T15:15:34.853Z] <<< [apiv2][body] POST https://www.googleapis.com/oauth2/v3/token [omitted]
[debug] [2026-06-01T15:15:34.860Z] >>> [apiv2][query] POST https://cloudresourcemanager.googleapis.com/v1/projects/truckapp-api:testIamPermissions [none]
[debug] [2026-06-01T15:15:34.860Z] >>> [apiv2][(partial)header] POST https://cloudresourcemanager.googleapis.com/v1/projects/truckapp-api:testIamPermissions  x-goog-user-project=truckapp-api
[debug] [2026-06-01T15:15:34.861Z] >>> [apiv2][body] POST https://cloudresourcemanager.googleapis.com/v1/projects/truckapp-api:testIamPermissions {"permissions":["cloudfunctions.functions.create","cloudfunctions.functions.delete","cloudfunctions.functions.get","cloudfunctions.functions.list","cloudfunctions.functions.update","cloudfunctions.operations.get","firebase.projects.get"]}
[debug] [2026-06-01T15:15:35.445Z] <<< [apiv2][status] POST https://cloudresourcemanager.googleapis.com/v1/projects/truckapp-api:testIamPermissions 200
[debug] [2026-06-01T15:15:35.445Z] <<< [apiv2][body] POST https://cloudresourcemanager.googleapis.com/v1/projects/truckapp-api:testIamPermissions {"permissions":["cloudfunctions.functions.create","cloudfunctions.functions.delete","cloudfunctions.functions.get","cloudfunctions.functions.list","cloudfunctions.functions.update","cloudfunctions.operations.get","firebase.projects.get"]}
[debug] [2026-06-01T15:15:35.446Z] Checked if tokens are valid: true, expires at: 1780330533853
[debug] [2026-06-01T15:15:35.446Z] Checked if tokens are valid: true, expires at: 1780330533853
[debug] [2026-06-01T15:15:35.446Z] >>> [apiv2][query] POST https://iam.googleapis.com/v1/projects/truckapp-api/serviceAccounts/truckapp-api@appspot.gserviceaccount.com:testIamPermissions [none]
[debug] [2026-06-01T15:15:35.447Z] >>> [apiv2][body] POST https://iam.googleapis.com/v1/projects/truckapp-api/serviceAccounts/truckapp-api@appspot.gserviceaccount.com:testIamPermissions {"permissions":["iam.serviceAccounts.actAs"]}
[debug] [2026-06-01T15:15:37.685Z] <<< [apiv2][status] POST https://iam.googleapis.com/v1/projects/truckapp-api/serviceAccounts/truckapp-api@appspot.gserviceaccount.com:testIamPermissions 200
[debug] [2026-06-01T15:15:37.686Z] <<< [apiv2][body] POST https://iam.googleapis.com/v1/projects/truckapp-api/serviceAccounts/truckapp-api@appspot.gserviceaccount.com:testIamPermissions {"permissions":["iam.serviceAccounts.actAs"]}
[info] 
[info] === Deploying to 'truckapp-api'...
[info] 
[info] i  deploying functions 
[debug] [2026-06-01T15:15:37.698Z] Checked if tokens are valid: true, expires at: 1780330533853
[debug] [2026-06-01T15:15:37.699Z] Checked if tokens are valid: true, expires at: 1780330533853
[debug] [2026-06-01T15:15:37.699Z] >>> [apiv2][query] GET https://cloudresourcemanager.googleapis.com/v1/projects/truckapp-api [none]
[debug] [2026-06-01T15:15:38.023Z] <<< [apiv2][status] GET https://cloudresourcemanager.googleapis.com/v1/projects/truckapp-api 200
[debug] [2026-06-01T15:15:38.024Z] <<< [apiv2][body] GET https://cloudresourcemanager.googleapis.com/v1/projects/truckapp-api {"projectNumber":"546197414910","projectId":"truckapp-api","lifecycleState":"ACTIVE","name":"truckapp-api","labels":{"firebase":"enabled","firebase-core":"disabled"},"createTime":"2026-05-15T11:59:55.195Z"}
[info] i  functions: preparing codebase default for deployment 
[info] i  functions: ensuring required API cloudfunctions.googleapis.com is enabled... 
[info] i  functions: ensuring required API cloudbuild.googleapis.com is enabled... 
[info] i  artifactregistry: ensuring required API artifactregistry.googleapis.com is enabled... 
[debug] [2026-06-01T15:15:38.027Z] Checked if tokens are valid: true, expires at: 1780330533853
[debug] [2026-06-01T15:15:38.027Z] Checked if tokens are valid: true, expires at: 1780330533853
[debug] [2026-06-01T15:15:38.028Z] >>> [apiv2][query] GET https://firebase.googleapis.com/v1beta1/projects/truckapp-api/adminSdkConfig [none]
[debug] [2026-06-01T15:15:38.720Z] <<< [apiv2][status] GET https://firebase.googleapis.com/v1beta1/projects/truckapp-api/adminSdkConfig 200
[debug] [2026-06-01T15:15:38.721Z] <<< [apiv2][body] GET https://firebase.googleapis.com/v1beta1/projects/truckapp-api/adminSdkConfig {"projectId":"truckapp-api","storageBucket":"truckapp-api.firebasestorage.app"}
[debug] [2026-06-01T15:15:38.723Z] Validating nodejs source
[debug] [2026-06-01T15:15:40.166Z] > [functions] package.json contents: {
  "name": "functions",
  "description": "Cloud Functions for Firebase",
  "scripts": {
    "serve": "firebase emulators:start --only functions",
    "shell": "firebase functions:shell",
    "start": "npm run shell",
    "deploy": "firebase deploy --only functions",
    "logs": "firebase functions:log"
  },
  "engines": {
    "node": "24"
  },
  "main": "index.js",
  "dependencies": {
    "bcryptjs": "^3.0.3",
    "cors": "^2.8.6",
    "dotenv": "^17.4.2",
    "express": "^5.2.1",
    "firebase-admin": "^13.6.0",
    "firebase-functions": "^7.0.0",
    "jsonwebtoken": "^9.0.3",
    "mongoose": "^9.6.2",
    "morgan": "^1.10.1",
    "swagger-jsdoc": "^6.2.8",
    "swagger-ui-express": "^5.0.1"
  },
  "devDependencies": {
    "firebase-functions-test": "^3.4.1"
  },
  "private": true
}
[debug] [2026-06-01T15:15:40.167Z] Building nodejs source
[info] i  functions: Loading and analyzing source code for codebase default to determine what to deploy 
[debug] [2026-06-01T15:15:40.168Z] Could not find functions.yaml. Must use http discovery
[debug] [2026-06-01T15:15:40.223Z] Found firebase-functions binary at 'E:\Projects\TruckApp_Project\Truck App backend_firebase\functions\node_modules\.bin\firebase-functions'
[info] Serving at port 8500

[info] ◇ injected env (3) from .env // tip: ◈ secrets for agents [www.dotenvx.com]

[info] MongoDB connected: ac-mgizjce-shard-00-00.ojzyfsj.mongodb.net

[info] Firebase Function database connected

[error] 
[error] Error: User code failed to load. Cannot determine backend specification. Timeout after 10000. See https://firebase.google.com/docs/functions/tips#avoid_deployment_timeouts_during_initialization'
[debug] [2026-06-01T15:16:38.245Z] ----------------------------------------------------------------------
[debug] [2026-06-01T15:16:38.248Z] Command:       C:\Program Files\nodejs\node.exe C:\Users\DELL\AppData\Roaming\npm\node_modules\firebase-tools\lib\bin\firebase.js projects:list
[debug] [2026-06-01T15:16:38.248Z] CLI Version:   15.18.0
[debug] [2026-06-01T15:16:38.248Z] Platform:      win32
[debug] [2026-06-01T15:16:38.248Z] Node Version:  v20.19.5
[debug] [2026-06-01T15:16:38.248Z] Time:          Mon Jun 01 2026 20:46:38 GMT+0530 (India Standard Time)
[debug] [2026-06-01T15:16:38.249Z] ----------------------------------------------------------------------
[debug] 
[debug] [2026-06-01T15:16:38.449Z] > command requires scopes: ["email","openid","https://www.googleapis.com/auth/cloudplatformprojects.readonly","https://www.googleapis.com/auth/firebase","https://www.googleapis.com/auth/cloud-platform"]
[debug] [2026-06-01T15:16:38.450Z] > authorizing via signed-in user (viskez.tech@gmail.com)
[debug] [2026-06-01T15:16:38.455Z] Checked if tokens are valid: true, expires at: 1780330533853
[debug] [2026-06-01T15:16:38.455Z] Checked if tokens are valid: true, expires at: 1780330533853
[debug] [2026-06-01T15:16:38.459Z] >>> [apiv2][query] GET https://firebase.googleapis.com/v1beta1/projects pageSize=1000
[debug] [2026-06-01T15:16:39.396Z] <<< [apiv2][status] GET https://firebase.googleapis.com/v1beta1/projects 200
[debug] [2026-06-01T15:16:39.397Z] <<< [apiv2][body] GET https://firebase.googleapis.com/v1beta1/projects [omitted]
[info] ┌──────────────────────┬────────────────────────┬────────────────┬──────────────────────┐
│ Project Display Name │ Project ID             │ Project Number │ Resource Location ID │
├──────────────────────┼────────────────────────┼────────────────┼──────────────────────┤
│ petsapp              │ petsapp-d45f0          │ 954326143611   │ [Not specified]      │
├──────────────────────┼────────────────────────┼────────────────┼──────────────────────┤
│ truckapp-api         │ truckapp-api (current) │ 546197414910   │ [Not specified]      │
└──────────────────────┴────────────────────────┴────────────────┴──────────────────────┘
[info] 
[info] 2 project(s) total.
[debug] [2026-06-01T15:17:18.946Z] ----------------------------------------------------------------------
[debug] [2026-06-01T15:17:18.949Z] Command:       C:\Program Files\nodejs\node.exe C:\Users\DELL\AppData\Roaming\npm\node_modules\firebase-tools\lib\bin\firebase.js deploy --only functions --debug
[debug] [2026-06-01T15:17:18.949Z] CLI Version:   15.18.0
[debug] [2026-06-01T15:17:18.949Z] Platform:      win32
[debug] [2026-06-01T15:17:18.949Z] Node Version:  v20.19.5
[debug] [2026-06-01T15:17:18.949Z] Time:          Mon Jun 01 2026 20:47:18 GMT+0530 (India Standard Time)
[debug] [2026-06-01T15:17:18.949Z] ----------------------------------------------------------------------
[debug] 
[debug] [2026-06-01T15:17:20.315Z] > command requires scopes: ["email","openid","https://www.googleapis.com/auth/cloudplatformprojects.readonly","https://www.googleapis.com/auth/firebase","https://www.googleapis.com/auth/cloud-platform"]
[debug] [2026-06-01T15:17:20.316Z] > authorizing via signed-in user (viskez.tech@gmail.com)
[debug] [2026-06-01T15:17:20.317Z] [iam] checking project truckapp-api for permissions ["cloudfunctions.functions.create","cloudfunctions.functions.delete","cloudfunctions.functions.get","cloudfunctions.functions.list","cloudfunctions.functions.update","cloudfunctions.operations.get","firebase.projects.get"]
[debug] [2026-06-01T15:17:20.318Z] Checked if tokens are valid: true, expires at: 1780330533853
[debug] [2026-06-01T15:17:20.319Z] Checked if tokens are valid: true, expires at: 1780330533853
[debug] [2026-06-01T15:17:20.320Z] >>> [apiv2][query] POST https://cloudresourcemanager.googleapis.com/v1/projects/truckapp-api:testIamPermissions [none]
[debug] [2026-06-01T15:17:20.320Z] >>> [apiv2][(partial)header] POST https://cloudresourcemanager.googleapis.com/v1/projects/truckapp-api:testIamPermissions  x-goog-user-project=truckapp-api
[debug] [2026-06-01T15:17:20.320Z] >>> [apiv2][body] POST https://cloudresourcemanager.googleapis.com/v1/projects/truckapp-api:testIamPermissions {"permissions":["cloudfunctions.functions.create","cloudfunctions.functions.delete","cloudfunctions.functions.get","cloudfunctions.functions.list","cloudfunctions.functions.update","cloudfunctions.operations.get","firebase.projects.get"]}
[debug] [2026-06-01T15:17:22.279Z] <<< [apiv2][status] POST https://cloudresourcemanager.googleapis.com/v1/projects/truckapp-api:testIamPermissions 200
[debug] [2026-06-01T15:17:22.279Z] <<< [apiv2][body] POST https://cloudresourcemanager.googleapis.com/v1/projects/truckapp-api:testIamPermissions {"permissions":["cloudfunctions.functions.create","cloudfunctions.functions.delete","cloudfunctions.functions.get","cloudfunctions.functions.list","cloudfunctions.functions.update","cloudfunctions.operations.get","firebase.projects.get"]}
[debug] [2026-06-01T15:17:22.280Z] Checked if tokens are valid: true, expires at: 1780330533853
[debug] [2026-06-01T15:17:22.280Z] Checked if tokens are valid: true, expires at: 1780330533853
[debug] [2026-06-01T15:17:22.280Z] >>> [apiv2][query] POST https://iam.googleapis.com/v1/projects/truckapp-api/serviceAccounts/truckapp-api@appspot.gserviceaccount.com:testIamPermissions [none]
[debug] [2026-06-01T15:17:22.280Z] >>> [apiv2][body] POST https://iam.googleapis.com/v1/projects/truckapp-api/serviceAccounts/truckapp-api@appspot.gserviceaccount.com:testIamPermissions {"permissions":["iam.serviceAccounts.actAs"]}
[debug] [2026-06-01T15:17:23.966Z] <<< [apiv2][status] POST https://iam.googleapis.com/v1/projects/truckapp-api/serviceAccounts/truckapp-api@appspot.gserviceaccount.com:testIamPermissions 200
[debug] [2026-06-01T15:17:23.966Z] <<< [apiv2][body] POST https://iam.googleapis.com/v1/projects/truckapp-api/serviceAccounts/truckapp-api@appspot.gserviceaccount.com:testIamPermissions {"permissions":["iam.serviceAccounts.actAs"]}
[info] 
[info] === Deploying to 'truckapp-api'...
[info] 
[info] i  deploying functions 
[debug] [2026-06-01T15:17:23.969Z] Checked if tokens are valid: true, expires at: 1780330533853
[debug] [2026-06-01T15:17:23.969Z] Checked if tokens are valid: true, expires at: 1780330533853
[debug] [2026-06-01T15:17:23.969Z] >>> [apiv2][query] GET https://cloudresourcemanager.googleapis.com/v1/projects/truckapp-api [none]
[debug] [2026-06-01T15:17:24.337Z] <<< [apiv2][status] GET https://cloudresourcemanager.googleapis.com/v1/projects/truckapp-api 200
[debug] [2026-06-01T15:17:24.337Z] <<< [apiv2][body] GET https://cloudresourcemanager.googleapis.com/v1/projects/truckapp-api {"projectNumber":"546197414910","projectId":"truckapp-api","lifecycleState":"ACTIVE","name":"truckapp-api","labels":{"firebase":"enabled","firebase-core":"disabled"},"createTime":"2026-05-15T11:59:55.195Z"}
[info] i  functions: preparing codebase default for deployment 
[info] i  functions: ensuring required API cloudfunctions.googleapis.com is enabled... 
[info] i  functions: ensuring required API cloudbuild.googleapis.com is enabled... 
[info] i  artifactregistry: ensuring required API artifactregistry.googleapis.com is enabled... 
[debug] [2026-06-01T15:17:24.347Z] Checked if tokens are valid: true, expires at: 1780330533853
[debug] [2026-06-01T15:17:24.347Z] Checked if tokens are valid: true, expires at: 1780330533853
[debug] [2026-06-01T15:17:24.348Z] >>> [apiv2][query] GET https://firebase.googleapis.com/v1beta1/projects/truckapp-api/adminSdkConfig [none]
[debug] [2026-06-01T15:17:25.004Z] <<< [apiv2][status] GET https://firebase.googleapis.com/v1beta1/projects/truckapp-api/adminSdkConfig 200
[debug] [2026-06-01T15:17:25.004Z] <<< [apiv2][body] GET https://firebase.googleapis.com/v1beta1/projects/truckapp-api/adminSdkConfig {"projectId":"truckapp-api","storageBucket":"truckapp-api.firebasestorage.app"}
[debug] [2026-06-01T15:17:25.006Z] Validating nodejs source
[debug] [2026-06-01T15:17:26.079Z] > [functions] package.json contents: {
  "name": "functions",
  "description": "Cloud Functions for Firebase",
  "scripts": {
    "serve": "firebase emulators:start --only functions",
    "shell": "firebase functions:shell",
    "start": "npm run shell",
    "deploy": "firebase deploy --only functions",
    "logs": "firebase functions:log"
  },
  "engines": {
    "node": "24"
  },
  "main": "index.js",
  "dependencies": {
    "bcryptjs": "^3.0.3",
    "cors": "^2.8.6",
    "dotenv": "^17.4.2",
    "express": "^5.2.1",
    "firebase-admin": "^13.6.0",
    "firebase-functions": "^7.0.0",
    "jsonwebtoken": "^9.0.3",
    "mongoose": "^9.6.2",
    "morgan": "^1.10.1",
    "swagger-jsdoc": "^6.2.8",
    "swagger-ui-express": "^5.0.1"
  },
  "devDependencies": {
    "firebase-functions-test": "^3.4.1"
  },
  "private": true
}
[debug] [2026-06-01T15:17:26.079Z] Building nodejs source
[info] i  functions: Loading and analyzing source code for codebase default to determine what to deploy 
[debug] [2026-06-01T15:17:26.081Z] Could not find functions.yaml. Must use http discovery
[debug] [2026-06-01T15:17:26.089Z] Found firebase-functions binary at 'E:\Projects\TruckApp_Project\Truck App backend_firebase\functions\node_modules\.bin\firebase-functions'
[info] Serving at port 8963

[info] ◇ injected env (3) from .env // tip: ⌁ auth for agents [www.vestauth.com]

[debug] [2026-06-01T15:17:27.090Z] Got response from /__/functions.yaml {"endpoints":{"api":{"availableMemoryMb":null,"timeoutSeconds":null,"minInstances":null,"maxInstances":10,"ingressSettings":null,"concurrency":null,"serviceAccountEmail":null,"vpc":null,"platform":"gcfv2","region":["us-central1"],"labels":{},"httpsTrigger":{},"entryPoint":"api"}},"specVersion":"v1alpha1","requiredAPIs":[],"extensions":{}}
[info] MongoDB connected: ac-mgizjce-shard-00-01.ojzyfsj.mongodb.net

[info] Firebase Function database connected

[debug] [2026-06-01T15:17:37.122Z] Checked if tokens are valid: true, expires at: 1780330533853
[debug] [2026-06-01T15:17:37.122Z] Checked if tokens are valid: true, expires at: 1780330533853
[debug] [2026-06-01T15:17:37.123Z] >>> [apiv2][query] GET https://cloudfunctions.googleapis.com/v1/projects/truckapp-api/locations/-/functions [none]
[debug] [2026-06-01T15:17:38.186Z] <<< [apiv2][status] GET https://cloudfunctions.googleapis.com/v1/projects/truckapp-api/locations/-/functions 200
[debug] [2026-06-01T15:17:38.187Z] <<< [apiv2][body] GET https://cloudfunctions.googleapis.com/v1/projects/truckapp-api/locations/-/functions {}
[debug] [2026-06-01T15:17:38.189Z] Checked if tokens are valid: true, expires at: 1780330533853
[debug] [2026-06-01T15:17:38.190Z] Checked if tokens are valid: true, expires at: 1780330533853
[debug] [2026-06-01T15:17:38.193Z] >>> [apiv2][query] GET https://cloudfunctions.googleapis.com/v2/projects/truckapp-api/locations/-/functions filter=environment%3D%22GEN_2%22
[debug] [2026-06-01T15:17:38.845Z] <<< [apiv2][status] GET https://cloudfunctions.googleapis.com/v2/projects/truckapp-api/locations/-/functions 200
[debug] [2026-06-01T15:17:38.846Z] <<< [apiv2][body] GET https://cloudfunctions.googleapis.com/v2/projects/truckapp-api/locations/-/functions {"functions":[{"name":"projects/truckapp-api/locations/us-central1/functions/api","buildConfig":{"build":"projects/546197414910/locations/us-central1/builds/9e1460b7-54af-4f2f-9818-e00e5f900491","runtime":"nodejs24","entryPoint":"api","source":{"storageSource":{"bucket":"gcf-v2-sources-546197414910-us-central1","object":"api/function-source.zip","generation":"1780249198282219"}},"environmentVariables":{"GOOGLE_NODE_RUN_SCRIPTS":""},"dockerRepository":"projects/truckapp-api/locations/us-central1/repositories/gcf-artifacts","sourceProvenance":{"resolvedStorageSource":{"bucket":"gcf-v2-sources-546197414910-us-central1","object":"api/function-source.zip","generation":"1780249198282219"}},"dockerRegistry":"ARTIFACT_REGISTRY","serviceAccount":"projects/truckapp-api/serviceAccounts/546197414910-compute@developer.gserviceaccount.com","automaticUpdatePolicy":{}},"serviceConfig":{"service":"projects/truckapp-api/locations/us-central1/services/api","timeoutSeconds":60,"environmentVariables":{"MONGO_URI":"mongodb+srv://egasohar_db_user:DbIMQ0GFUfX6a0lf@egasohar.ojzyfsj.mongodb.net/?appName=EGASohar","JWT_SECRET":"truck_tracking_super_secret_key","JWT_EXPIRES_IN":"7d","FIREBASE_CONFIG":"{\"projectId\":\"truckapp-api\",\"storageBucket\":\"truckapp-api.firebasestorage.app\"}","GCLOUD_PROJECT":"truckapp-api","EVENTARC_CLOUD_EVENT_SOURCE":"projects/truckapp-api/locations/us-central1/services/api","FUNCTION_TARGET":"api","LOG_EXECUTION_ID":"true"},"maxInstanceCount":10,"ingressSettings":"ALLOW_ALL","uri":"https://api-ycroeizo2a-uc.a.run.app","serviceAccountEmail":"546197414910-compute@developer.gserviceaccount.com","availableMemory":"256Mi","allTrafficOnLatestRevision":true,"revision":"api-00017-gok","maxInstanceRequestConcurrency":80,"availableCpu":"1"},"state":"ACTIVE","updateTime":"2026-05-31T17:41:07.177753277Z","labels":{"firebase-functions-hash":"53ffc051e032062366fd410e8761de9e15f19c47","deployment-tool":"cli-firebase"},"environment":"GEN_2","url":"https://us-central1-truckapp-api.cloudfunctions.net/api","createTime":"2026-05-15T13:43:32.318601862Z","satisfiesPzi":true}]}
[info] i  extensions: ensuring required API firebaseextensions.googleapis.com is enabled... 
[debug] [2026-06-01T15:17:38.852Z] > command requires scopes: ["email","openid","https://www.googleapis.com/auth/cloudplatformprojects.readonly","https://www.googleapis.com/auth/firebase","https://www.googleapis.com/auth/cloud-platform"]
[debug] [2026-06-01T15:17:38.853Z] > authorizing via signed-in user (viskez.tech@gmail.com)
[debug] [2026-06-01T15:17:38.853Z] [iam] checking project truckapp-api for permissions ["firebase.projects.get","firebaseextensions.instances.list"]
[debug] [2026-06-01T15:17:38.854Z] Checked if tokens are valid: true, expires at: 1780330533853
[debug] [2026-06-01T15:17:38.854Z] Checked if tokens are valid: true, expires at: 1780330533853
[debug] [2026-06-01T15:17:38.855Z] >>> [apiv2][query] POST https://cloudresourcemanager.googleapis.com/v1/projects/truckapp-api:testIamPermissions [none]
[debug] [2026-06-01T15:17:38.855Z] >>> [apiv2][(partial)header] POST https://cloudresourcemanager.googleapis.com/v1/projects/truckapp-api:testIamPermissions  x-goog-user-project=truckapp-api
[debug] [2026-06-01T15:17:38.855Z] >>> [apiv2][body] POST https://cloudresourcemanager.googleapis.com/v1/projects/truckapp-api:testIamPermissions {"permissions":["firebase.projects.get","firebaseextensions.instances.list"]}
[debug] [2026-06-01T15:17:40.502Z] <<< [apiv2][status] POST https://cloudresourcemanager.googleapis.com/v1/projects/truckapp-api:testIamPermissions 200
[debug] [2026-06-01T15:17:40.503Z] <<< [apiv2][body] POST https://cloudresourcemanager.googleapis.com/v1/projects/truckapp-api:testIamPermissions {"permissions":["firebase.projects.get","firebaseextensions.instances.list"]}
[debug] [2026-06-01T15:17:40.504Z] Checked if tokens are valid: true, expires at: 1780330533853
[debug] [2026-06-01T15:17:40.504Z] Checked if tokens are valid: true, expires at: 1780330533853
[debug] [2026-06-01T15:17:40.505Z] >>> [apiv2][query] GET https://firebaseextensions.googleapis.com/v1beta/projects/truckapp-api/instances pageSize=100&pageToken=
[debug] [2026-06-01T15:17:42.255Z] <<< [apiv2][status] GET https://firebaseextensions.googleapis.com/v1beta/projects/truckapp-api/instances 200
[debug] [2026-06-01T15:17:42.256Z] <<< [apiv2][body] GET https://firebaseextensions.googleapis.com/v1beta/projects/truckapp-api/instances {}
[info] i  functions: Loaded environment variables from .env. 
[info] i  functions: preparing functions directory for uploading... 
[info] i  functions: packaged E:\Projects\TruckApp_Project\Truck App backend_firebase\functions (248.73 KB) for uploading 
[info] i  functions: ensuring required API run.googleapis.com is enabled... 
[info] i  functions: ensuring required API eventarc.googleapis.com is enabled... 
[info] i  functions: ensuring required API pubsub.googleapis.com is enabled... 
[info] i  functions: ensuring required API storage.googleapis.com is enabled... 
[info] i  functions: generating the service identity for pubsub.googleapis.com... 
[debug] [2026-06-01T15:17:42.413Z] Checked if tokens are valid: true, expires at: 1780330533853
[debug] [2026-06-01T15:17:42.414Z] Checked if tokens are valid: true, expires at: 1780330533853
[info] i  functions: generating the service identity for eventarc.googleapis.com... 
[debug] [2026-06-01T15:17:42.414Z] Checked if tokens are valid: true, expires at: 1780330533853
[debug] [2026-06-01T15:17:42.414Z] Checked if tokens are valid: true, expires at: 1780330533853
[debug] [2026-06-01T15:17:42.414Z] >>> [apiv2][query] POST https://serviceusage.googleapis.com/v1beta1/projects/546197414910/services/pubsub.googleapis.com:generateServiceIdentity [none]
[debug] [2026-06-01T15:17:42.414Z] >>> [apiv2][(partial)header] POST https://serviceusage.googleapis.com/v1beta1/projects/546197414910/services/pubsub.googleapis.com:generateServiceIdentity  x-goog-user-project=546197414910
[debug] [2026-06-01T15:17:42.414Z] >>> [apiv2][body] POST https://serviceusage.googleapis.com/v1beta1/projects/546197414910/services/pubsub.googleapis.com:generateServiceIdentity {}
[debug] [2026-06-01T15:17:42.416Z] >>> [apiv2][query] POST https://serviceusage.googleapis.com/v1beta1/projects/546197414910/services/eventarc.googleapis.com:generateServiceIdentity [none]
[debug] [2026-06-01T15:17:42.416Z] >>> [apiv2][(partial)header] POST https://serviceusage.googleapis.com/v1beta1/projects/546197414910/services/eventarc.googleapis.com:generateServiceIdentity  x-goog-user-project=546197414910
[debug] [2026-06-01T15:17:42.416Z] >>> [apiv2][body] POST https://serviceusage.googleapis.com/v1beta1/projects/546197414910/services/eventarc.googleapis.com:generateServiceIdentity {}
[debug] [2026-06-01T15:17:44.582Z] <<< [apiv2][status] POST https://serviceusage.googleapis.com/v1beta1/projects/546197414910/services/eventarc.googleapis.com:generateServiceIdentity 200
[debug] [2026-06-01T15:17:44.582Z] <<< [apiv2][body] POST https://serviceusage.googleapis.com/v1beta1/projects/546197414910/services/eventarc.googleapis.com:generateServiceIdentity {"name":"operations/finished.DONE_OPERATION","done":true,"response":{"@type":"type.googleapis.com/google.api.serviceusage.v1beta1.ServiceIdentity","email":"service-546197414910@gcp-sa-eventarc.iam.gserviceaccount.com","uniqueId":"117441777900022783476"}}
[debug] [2026-06-01T15:17:44.586Z] <<< [apiv2][status] POST https://serviceusage.googleapis.com/v1beta1/projects/546197414910/services/pubsub.googleapis.com:generateServiceIdentity 200
[debug] [2026-06-01T15:17:44.586Z] <<< [apiv2][body] POST https://serviceusage.googleapis.com/v1beta1/projects/546197414910/services/pubsub.googleapis.com:generateServiceIdentity {"name":"operations/finished.DONE_OPERATION","done":true,"response":{"@type":"type.googleapis.com/google.api.serviceusage.v1beta1.ServiceIdentity","email":"service-546197414910@gcp-sa-pubsub.iam.gserviceaccount.com","uniqueId":"100588593858042320001"}}
[debug] [2026-06-01T15:17:44.590Z] Checked if tokens are valid: true, expires at: 1780330533853
[debug] [2026-06-01T15:17:44.590Z] Checked if tokens are valid: true, expires at: 1780330533853
[debug] [2026-06-01T15:17:44.590Z] >>> [apiv2][query] GET https://cloudresourcemanager.googleapis.com/v1/projects/truckapp-api [none]
[debug] [2026-06-01T15:17:44.912Z] <<< [apiv2][status] GET https://cloudresourcemanager.googleapis.com/v1/projects/truckapp-api 200
[debug] [2026-06-01T15:17:44.912Z] <<< [apiv2][body] GET https://cloudresourcemanager.googleapis.com/v1/projects/truckapp-api {"projectNumber":"546197414910","projectId":"truckapp-api","lifecycleState":"ACTIVE","name":"truckapp-api","labels":{"firebase":"enabled","firebase-core":"disabled"},"createTime":"2026-05-15T11:59:55.195Z"}
[debug] [2026-06-01T15:17:44.913Z] Checked if tokens are valid: true, expires at: 1780330533853
[debug] [2026-06-01T15:17:44.913Z] Checked if tokens are valid: true, expires at: 1780330533853
[debug] [2026-06-01T15:17:44.913Z] >>> [apiv2][query] GET https://compute.googleapis.com/compute/v1/projects/546197414910 [none]
[debug] [2026-06-01T15:17:45.530Z] <<< [apiv2][status] GET https://compute.googleapis.com/compute/v1/projects/546197414910 403
[debug] [2026-06-01T15:17:45.531Z] <<< [apiv2][body] GET https://compute.googleapis.com/compute/v1/projects/546197414910 {"error":{"code":403,"message":"Compute Engine API has not been used in project 546197414910 before or it is disabled. Enable it by visiting https://console.developers.google.com/apis/api/compute.googleapis.com/overview?project=546197414910 then retry. If you enabled this API recently, wait a few minutes for the action to propagate to our systems and retry.","errors":[{"message":"Compute Engine API has not been used in project 546197414910 before or it is disabled. Enable it by visiting https://console.developers.google.com/apis/api/compute.googleapis.com/overview?project=546197414910 then retry. If you enabled this API recently, wait a few minutes for the action to propagate to our systems and retry.","domain":"usageLimits","reason":"accessNotConfigured","extendedHelp":"https://console.developers.google.com"}],"status":"PERMISSION_DENIED","details":[{"@type":"type.googleapis.com/google.rpc.ErrorInfo","reason":"SERVICE_DISABLED","domain":"googleapis.com","metadata":{"activationUrl":"https://console.developers.google.com/apis/api/compute.googleapis.com/overview?project=546197414910","consumer":"projects/546197414910","service":"compute.googleapis.com","serviceTitle":"Compute Engine API","containerInfo":"546197414910"}},{"@type":"type.googleapis.com/google.rpc.LocalizedMessage","locale":"en-US","message":"Compute Engine API has not been used in project 546197414910 before or it is disabled. Enable it by visiting https://console.developers.google.com/apis/api/compute.googleapis.com/overview?project=546197414910 then retry. If you enabled this API recently, wait a few minutes for the action to propagate to our systems and retry."},{"@type":"type.googleapis.com/google.rpc.Help","links":[{"description":"Google developers console API activation","url":"https://console.developers.google.com/apis/api/compute.googleapis.com/overview?project=546197414910"}]}]}}
[debug] [2026-06-01T15:17:45.533Z] unable to look up default compute service account. Falling back to 546197414910-compute@developer.gserviceaccount.com. Error: {"name":"FirebaseError","children":[],"context":{"body":{"error":{"code":403,"message":"Compute Engine API has not been used in project 546197414910 before or it is disabled. Enable it by visiting https://console.developers.google.com/apis/api/compute.googleapis.com/overview?project=546197414910 then retry. If you enabled this API recently, wait a few minutes for the action to propagate to our systems and retry.","errors":[{"message":"Compute Engine API has not been used in project 546197414910 before or it is disabled. Enable it by visiting https://console.developers.google.com/apis/api/compute.googleapis.com/overview?project=546197414910 then retry. If you enabled this API recently, wait a few minutes for the action to propagate to our systems and retry.","domain":"usageLimits","reason":"accessNotConfigured","extendedHelp":"https://console.developers.google.com"}],"status":"PERMISSION_DENIED","details":[{"@type":"type.googleapis.com/google.rpc.ErrorInfo","reason":"SERVICE_DISABLED","domain":"googleapis.com","metadata":{"activationUrl":"https://console.developers.google.com/apis/api/compute.googleapis.com/overview?project=546197414910","consumer":"projects/546197414910","service":"compute.googleapis.com","serviceTitle":"Compute Engine API","containerInfo":"546197414910"}},{"@type":"type.googleapis.com/google.rpc.LocalizedMessage","locale":"en-US","message":"Compute Engine API has not been used in project 546197414910 before or it is disabled. Enable it by visiting https://console.developers.google.com/apis/api/compute.googleapis.com/overview?project=546197414910 then retry. If you enabled this API recently, wait a few minutes for the action to propagate to our systems and retry."},{"@type":"type.googleapis.com/google.rpc.Help","links":[{"description":"Google developers console API activation","url":"https://console.developers.google.com/apis/api/compute.googleapis.com/overview?project=546197414910"}]}]}},"response":{"statusCode":403}},"exit":1,"message":"Request to https://compute.googleapis.com/compute/v1/projects/546197414910 had HTTP Error: 403, Compute Engine API has not been used in project 546197414910 before or it is disabled. Enable it by visiting https://console.developers.google.com/apis/api/compute.googleapis.com/overview?project=546197414910 then retry. If you enabled this API recently, wait a few minutes for the action to propagate to our systems and retry.","status":403}
[debug] [2026-06-01T15:17:45.537Z] Checked if tokens are valid: true, expires at: 1780330533853
[debug] [2026-06-01T15:17:45.537Z] Checked if tokens are valid: true, expires at: 1780330533853
[debug] [2026-06-01T15:17:45.538Z] >>> [apiv2][query] GET https://cloudbilling.googleapis.com/v1/projects/truckapp-api/billingInfo [none]
[debug] [2026-06-01T15:17:46.197Z] <<< [apiv2][status] GET https://cloudbilling.googleapis.com/v1/projects/truckapp-api/billingInfo 200
[debug] [2026-06-01T15:17:46.197Z] <<< [apiv2][body] GET https://cloudbilling.googleapis.com/v1/projects/truckapp-api/billingInfo {"name":"projects/truckapp-api/billingInfo","projectId":"truckapp-api","billingAccountName":"billingAccounts/014653-05B130-91D880","billingEnabled":true}
[debug] [2026-06-01T15:17:46.203Z] Checked if tokens are valid: true, expires at: 1780330533853
[debug] [2026-06-01T15:17:46.204Z] Checked if tokens are valid: true, expires at: 1780330533853
[debug] [2026-06-01T15:17:46.204Z] >>> [apiv2][query] POST https://cloudfunctions.googleapis.com/v2/projects/truckapp-api/locations/us-central1/functions:generateUploadUrl [none]
[debug] [2026-06-01T15:17:47.917Z] <<< [apiv2][status] POST https://cloudfunctions.googleapis.com/v2/projects/truckapp-api/locations/us-central1/functions:generateUploadUrl 200
[debug] [2026-06-01T15:17:47.917Z] <<< [apiv2][body] POST https://cloudfunctions.googleapis.com/v2/projects/truckapp-api/locations/us-central1/functions:generateUploadUrl {"uploadUrl":"https://storage.googleapis.com/gcf-v2-uploads-546197414910.us-central1.cloudfunctions.appspot.com/a6041a5f-0ee5-4dce-8286-31a814d895ac.zip?GoogleAccessId=service-546197414910@gcf-admin-robot.iam.gserviceaccount.com&Expires=1780328850&Signature=w%2B6KFUvHcg6nC%2FW2RwLxGqAt8MhHJmEQd3DGSf%2B7VklDYKs0BrySoYfJS9h5Y48AvVZ0sizLz5QBHn3%2BXfPFFdBzKNxLWSdTB%2FdBVWaV4nhNGtkxwaACxnyKiOmkyd7JrHMxTUWXhciLSPICZOZKS8w2rsqcXNoCDBEB1cBsX7drhX%2Bl3X%2F520Djie1v%2FBGY%2BeH2XsP6KXCi8%2BMO7NtK2X3TLkDWs%2BkIr%2FiSoWcLaGj43ab9oEfDcRPFbi%2FZWO4YDD%2FdU2hErxqN%2FORiV2u3bEayfZyoprnMQZVXENXwZHGzQkeT8YM%2BYjLVFUPC57OFxvjJN%2FZwGFed40GQwF7Skw%3D%3D","storageSource":{"bucket":"gcf-v2-uploads-546197414910.us-central1.cloudfunctions.appspot.com","object":"a6041a5f-0ee5-4dce-8286-31a814d895ac.zip"}}
[debug] [2026-06-01T15:17:47.919Z] >>> [apiv2][query] PUT https://storage.googleapis.com/gcf-v2-uploads-546197414910.us-central1.cloudfunctions.appspot.com/a6041a5f-0ee5-4dce-8286-31a814d895ac.zip GoogleAccessId=service-546197414910%40gcf-admin-robot.iam.gserviceaccount.com&Expires=1780328850&Signature=w%2B6KFUvHcg6nC%2FW2RwLxGqAt8MhHJmEQd3DGSf%2B7VklDYKs0BrySoYfJS9h5Y48AvVZ0sizLz5QBHn3%2BXfPFFdBzKNxLWSdTB%2FdBVWaV4nhNGtkxwaACxnyKiOmkyd7JrHMxTUWXhciLSPICZOZKS8w2rsqcXNoCDBEB1cBsX7drhX%2Bl3X%2F520Djie1v%2FBGY%2BeH2XsP6KXCi8%2BMO7NtK2X3TLkDWs%2BkIr%2FiSoWcLaGj43ab9oEfDcRPFbi%2FZWO4YDD%2FdU2hErxqN%2FORiV2u3bEayfZyoprnMQZVXENXwZHGzQkeT8YM%2BYjLVFUPC57OFxvjJN%2FZwGFed40GQwF7Skw%3D%3D
[debug] [2026-06-01T15:17:47.919Z] >>> [apiv2][body] PUT https://storage.googleapis.com/gcf-v2-uploads-546197414910.us-central1.cloudfunctions.appspot.com/a6041a5f-0ee5-4dce-8286-31a814d895ac.zip [stream]
[debug] [2026-06-01T15:17:50.274Z] <<< [apiv2][status] PUT https://storage.googleapis.com/gcf-v2-uploads-546197414910.us-central1.cloudfunctions.appspot.com/a6041a5f-0ee5-4dce-8286-31a814d895ac.zip 200
[debug] [2026-06-01T15:17:50.274Z] <<< [apiv2][body] PUT https://storage.googleapis.com/gcf-v2-uploads-546197414910.us-central1.cloudfunctions.appspot.com/a6041a5f-0ee5-4dce-8286-31a814d895ac.zip [omitted]
[info] +  functions: functions source uploaded successfully 
[info] i  functions: updating Node.js 24 (2nd Gen) function api(us-central1)... 
[debug] [2026-06-01T15:17:50.281Z] Checked if tokens are valid: true, expires at: 1780330533853
[debug] [2026-06-01T15:17:50.281Z] Checked if tokens are valid: true, expires at: 1780330533853
[debug] [2026-06-01T15:17:50.281Z] >>> [apiv2][query] PATCH https://cloudfunctions.googleapis.com/v2/projects/truckapp-api/locations/us-central1/functions/api updateMask=name%2CbuildConfig.runtime%2CbuildConfig.entryPoint%2CbuildConfig.source.storageSource.bucket%2CbuildConfig.source.storageSource.object%2CbuildConfig.environmentVariables%2CbuildConfig.sourceToken%2CserviceConfig.environmentVariables%2CserviceConfig.ingressSettings%2CserviceConfig.timeoutSeconds%2CserviceConfig.serviceAccountEmail%2CserviceConfig.availableMemory%2CserviceConfig.minInstanceCount%2CserviceConfig.maxInstanceCount%2CserviceConfig.maxInstanceRequestConcurrency%2CserviceConfig.availableCpu%2CserviceConfig.vpcConnector%2CserviceConfig.vpcConnectorEgressSettings%2CserviceConfig.directVpcNetworkInterface%2CserviceConfig.directVpcEgress%2Clabels
[debug] [2026-06-01T15:17:50.281Z] >>> [apiv2][body] PATCH https://cloudfunctions.googleapis.com/v2/projects/truckapp-api/locations/us-central1/functions/api {"name":"projects/truckapp-api/locations/us-central1/functions/api","buildConfig":{"runtime":"nodejs24","entryPoint":"api","source":{"storageSource":{"bucket":"gcf-v2-uploads-546197414910.us-central1.cloudfunctions.appspot.com","object":"a6041a5f-0ee5-4dce-8286-31a814d895ac.zip"}},"environmentVariables":{"GOOGLE_NODE_RUN_SCRIPTS":""}},"serviceConfig":{"environmentVariables":{"MONGO_URI":"mongodb+srv://egasohar_db_user:DbIMQ0GFUfX6a0lf@egasohar.ojzyfsj.mongodb.net/?appName=EGASohar","JWT_SECRET":"truck_tracking_super_secret_key","JWT_EXPIRES_IN":"7d","FIREBASE_CONFIG":"{\"projectId\":\"truckapp-api\",\"storageBucket\":\"truckapp-api.firebasestorage.app\"}","GCLOUD_PROJECT":"truckapp-api","EVENTARC_CLOUD_EVENT_SOURCE":"projects/truckapp-api/locations/us-central1/services/api","FUNCTION_TARGET":"api","LOG_EXECUTION_ID":"true"},"ingressSettings":null,"timeoutSeconds":null,"serviceAccountEmail":null,"availableMemory":"256Mi","minInstanceCount":null,"maxInstanceCount":10,"maxInstanceRequestConcurrency":80,"availableCpu":"1","vpcConnector":null,"vpcConnectorEgressSettings":null,"directVpcNetworkInterface":null,"directVpcEgress":null},"labels":{"deployment-tool":"cli-firebase","firebase-functions-hash":"e66b0c79741e6e7b24b1ab0b7d53e989657f0d0f"}}
[debug] [2026-06-01T15:17:52.778Z] <<< [apiv2][status] PATCH https://cloudfunctions.googleapis.com/v2/projects/truckapp-api/locations/us-central1/functions/api 200
[debug] [2026-06-01T15:17:52.779Z] <<< [apiv2][body] PATCH https://cloudfunctions.googleapis.com/v2/projects/truckapp-api/locations/us-central1/functions/api {"name":"projects/truckapp-api/locations/us-central1/operations/operation-1780327054093-65332b1a4aae0-3b9e2e70-4ab10080","metadata":{"@type":"type.googleapis.com/google.cloud.functions.v2.OperationMetadata","createTime":"2026-06-01T15:17:35.120404714Z","target":"projects/truckapp-api/locations/us-central1/functions/api","verb":"update","cancelRequested":false,"apiVersion":"v2"},"done":false}
[debug] [2026-06-01T15:17:52.779Z] Checked if tokens are valid: true, expires at: 1780330533853
[debug] [2026-06-01T15:17:52.779Z] Checked if tokens are valid: true, expires at: 1780330533853
[debug] [2026-06-01T15:17:52.779Z] >>> [apiv2][query] GET https://cloudfunctions.googleapis.com/v2/projects/truckapp-api/locations/us-central1/operations/operation-1780327054093-65332b1a4aae0-3b9e2e70-4ab10080 [none]
[debug] [2026-06-01T15:17:54.269Z] <<< [apiv2][status] GET https://cloudfunctions.googleapis.com/v2/projects/truckapp-api/locations/us-central1/operations/operation-1780327054093-65332b1a4aae0-3b9e2e70-4ab10080 200
[debug] [2026-06-01T15:17:54.270Z] <<< [apiv2][body] GET https://cloudfunctions.googleapis.com/v2/projects/truckapp-api/locations/us-central1/operations/operation-1780327054093-65332b1a4aae0-3b9e2e70-4ab10080 {"name":"projects/truckapp-api/locations/us-central1/operations/operation-1780327054093-65332b1a4aae0-3b9e2e70-4ab10080","metadata":{"@type":"type.googleapis.com/google.cloud.functions.v2.OperationMetadata","createTime":"2026-06-01T15:17:35.120404714Z","target":"projects/truckapp-api/locations/us-central1/functions/api","verb":"update","cancelRequested":false,"apiVersion":"v2","requestResource":{"@type":"type.googleapis.com/google.cloud.functions.v2.Function","name":"projects/truckapp-api/locations/us-central1/functions/api","buildConfig":{"runtime":"nodejs24","entryPoint":"api","source":{"storageSource":{"bucket":"gcf-v2-sources-546197414910-us-central1","object":"api/function-source.zip","generation":"1780327055063161"}},"environmentVariables":{"GOOGLE_NODE_RUN_SCRIPTS":""},"dockerRepository":"projects/truckapp-api/locations/us-central1/repositories/gcf-artifacts","sourceProvenance":{"resolvedStorageSource":{"bucket":"gcf-v2-sources-546197414910-us-central1","object":"api/function-source.zip","generation":"1780249198282219"}},"dockerRegistry":"ARTIFACT_REGISTRY","serviceAccount":"projects/truckapp-api/serviceAccounts/546197414910-compute@developer.gserviceaccount.com","automaticUpdatePolicy":{}},"serviceConfig":{"service":"projects/truckapp-api/locations/us-central1/services/api","timeoutSeconds":60,"environmentVariables":{"MONGO_URI":"mongodb+srv://egasohar_db_user:DbIMQ0GFUfX6a0lf@egasohar.ojzyfsj.mongodb.net/?appName=EGASohar","JWT_SECRET":"truck_tracking_super_secret_key","JWT_EXPIRES_IN":"7d","FIREBASE_CONFIG":"{\"projectId\":\"truckapp-api\",\"storageBucket\":\"truckapp-api.firebasestorage.app\"}","GCLOUD_PROJECT":"truckapp-api","EVENTARC_CLOUD_EVENT_SOURCE":"projects/truckapp-api/locations/us-central1/services/api","FUNCTION_TARGET":"api","LOG_EXECUTION_ID":"true"},"maxInstanceCount":10,"ingressSettings":"ALLOW_ALL","uri":"https://api-ycroeizo2a-uc.a.run.app","serviceAccountEmail":"546197414910-compute@developer.gserviceaccount.com","availableMemory":"256Mi","allTrafficOnLatestRevision":true,"revision":"api-00017-gok","maxInstanceRequestConcurrency":80,"availableCpu":"1"},"state":"ACTIVE","labels":{"deployment-tool":"cli-firebase","firebase-functions-hash":"e66b0c79741e6e7b24b1ab0b7d53e989657f0d0f"},"environment":"GEN_2","url":"https://us-central1-truckapp-api.cloudfunctions.net/api","satisfiesPzi":true},"stages":[{"name":"BUILD","message":"Build in progress","state":"IN_PROGRESS","resource":"projects/546197414910/locations/us-central1/builds/fdebaed8-48ef-44fd-8fff-f1349764f033","resourceUri":"https://console.cloud.google.com/cloud-build/builds;region=us-central1/fdebaed8-48ef-44fd-8fff-f1349764f033?project=546197414910"},{"name":"SERVICE","state":"NOT_STARTED"}],"operationType":"UPDATE_FUNCTION","buildName":"projects/546197414910/locations/us-central1/builds/fdebaed8-48ef-44fd-8fff-f1349764f033"},"done":false}
[debug] [2026-06-01T15:17:54.783Z] [update-default-us-central1-api] Retrying task index 0
[debug] [2026-06-01T15:17:54.784Z] Checked if tokens are valid: true, expires at: 1780330533853
[debug] [2026-06-01T15:17:54.785Z] Checked if tokens are valid: true, expires at: 1780330533853
[debug] [2026-06-01T15:17:54.785Z] >>> [apiv2][query] GET https://cloudfunctions.googleapis.com/v2/projects/truckapp-api/locations/us-central1/operations/operation-1780327054093-65332b1a4aae0-3b9e2e70-4ab10080 [none]
[debug] [2026-06-01T15:17:56.284Z] <<< [apiv2][status] GET https://cloudfunctions.googleapis.com/v2/projects/truckapp-api/locations/us-central1/operations/operation-1780327054093-65332b1a4aae0-3b9e2e70-4ab10080 200
[debug] [2026-06-01T15:17:56.285Z] <<< [apiv2][body] GET https://cloudfunctions.googleapis.com/v2/projects/truckapp-api/locations/us-central1/operations/operation-1780327054093-65332b1a4aae0-3b9e2e70-4ab10080 {"name":"projects/truckapp-api/locations/us-central1/operations/operation-1780327054093-65332b1a4aae0-3b9e2e70-4ab10080","metadata":{"@type":"type.googleapis.com/google.cloud.functions.v2.OperationMetadata","createTime":"2026-06-01T15:17:35.120404714Z","target":"projects/truckapp-api/locations/us-central1/functions/api","verb":"update","cancelRequested":false,"apiVersion":"v2","requestResource":{"@type":"type.googleapis.com/google.cloud.functions.v2.Function","name":"projects/truckapp-api/locations/us-central1/functions/api","buildConfig":{"runtime":"nodejs24","entryPoint":"api","source":{"storageSource":{"bucket":"gcf-v2-sources-546197414910-us-central1","object":"api/function-source.zip","generation":"1780327055063161"}},"environmentVariables":{"GOOGLE_NODE_RUN_SCRIPTS":""},"dockerRepository":"projects/truckapp-api/locations/us-central1/repositories/gcf-artifacts","sourceProvenance":{"resolvedStorageSource":{"bucket":"gcf-v2-sources-546197414910-us-central1","object":"api/function-source.zip","generation":"1780249198282219"}},"dockerRegistry":"ARTIFACT_REGISTRY","serviceAccount":"projects/truckapp-api/serviceAccounts/546197414910-compute@developer.gserviceaccount.com","automaticUpdatePolicy":{}},"serviceConfig":{"service":"projects/truckapp-api/locations/us-central1/services/api","timeoutSeconds":60,"environmentVariables":{"MONGO_URI":"mongodb+srv://egasohar_db_user:DbIMQ0GFUfX6a0lf@egasohar.ojzyfsj.mongodb.net/?appName=EGASohar","JWT_SECRET":"truck_tracking_super_secret_key","JWT_EXPIRES_IN":"7d","FIREBASE_CONFIG":"{\"projectId\":\"truckapp-api\",\"storageBucket\":\"truckapp-api.firebasestorage.app\"}","GCLOUD_PROJECT":"truckapp-api","EVENTARC_CLOUD_EVENT_SOURCE":"projects/truckapp-api/locations/us-central1/services/api","FUNCTION_TARGET":"api","LOG_EXECUTION_ID":"true"},"maxInstanceCount":10,"ingressSettings":"ALLOW_ALL","uri":"https://api-ycroeizo2a-uc.a.run.app","serviceAccountEmail":"546197414910-compute@developer.gserviceaccount.com","availableMemory":"256Mi","allTrafficOnLatestRevision":true,"revision":"api-00017-gok","maxInstanceRequestConcurrency":80,"availableCpu":"1"},"state":"ACTIVE","labels":{"deployment-tool":"cli-firebase","firebase-functions-hash":"e66b0c79741e6e7b24b1ab0b7d53e989657f0d0f"},"environment":"GEN_2","url":"https://us-central1-truckapp-api.cloudfunctions.net/api","satisfiesPzi":true},"stages":[{"name":"BUILD","message":"Build in progress","state":"IN_PROGRESS","resource":"projects/546197414910/locations/us-central1/builds/fdebaed8-48ef-44fd-8fff-f1349764f033","resourceUri":"https://console.cloud.google.com/cloud-build/builds;region=us-central1/fdebaed8-48ef-44fd-8fff-f1349764f033?project=546197414910"},{"name":"SERVICE","state":"NOT_STARTED"}],"operationType":"UPDATE_FUNCTION","buildName":"projects/546197414910/locations/us-central1/builds/fdebaed8-48ef-44fd-8fff-f1349764f033"},"done":false}
[debug] [2026-06-01T15:17:57.299Z] [update-default-us-central1-api] Retrying task index 0
[debug] [2026-06-01T15:17:57.300Z] Checked if tokens are valid: true, expires at: 1780330533853
[debug] [2026-06-01T15:17:57.300Z] Checked if tokens are valid: true, expires at: 1780330533853
[debug] [2026-06-01T15:17:57.300Z] >>> [apiv2][query] GET https://cloudfunctions.googleapis.com/v2/projects/truckapp-api/locations/us-central1/operations/operation-1780327054093-65332b1a4aae0-3b9e2e70-4ab10080 [none]
[debug] [2026-06-01T15:17:58.702Z] <<< [apiv2][status] GET https://cloudfunctions.googleapis.com/v2/projects/truckapp-api/locations/us-central1/operations/operation-1780327054093-65332b1a4aae0-3b9e2e70-4ab10080 200
[debug] [2026-06-01T15:17:58.702Z] <<< [apiv2][body] GET https://cloudfunctions.googleapis.com/v2/projects/truckapp-api/locations/us-central1/operations/operation-1780327054093-65332b1a4aae0-3b9e2e70-4ab10080 {"name":"projects/truckapp-api/locations/us-central1/operations/operation-1780327054093-65332b1a4aae0-3b9e2e70-4ab10080","metadata":{"@type":"type.googleapis.com/google.cloud.functions.v2.OperationMetadata","createTime":"2026-06-01T15:17:35.120404714Z","target":"projects/truckapp-api/locations/us-central1/functions/api","verb":"update","cancelRequested":false,"apiVersion":"v2","requestResource":{"@type":"type.googleapis.com/google.cloud.functions.v2.Function","name":"projects/truckapp-api/locations/us-central1/functions/api","buildConfig":{"runtime":"nodejs24","entryPoint":"api","source":{"storageSource":{"bucket":"gcf-v2-sources-546197414910-us-central1","object":"api/function-source.zip","generation":"1780327055063161"}},"environmentVariables":{"GOOGLE_NODE_RUN_SCRIPTS":""},"dockerRepository":"projects/truckapp-api/locations/us-central1/repositories/gcf-artifacts","sourceProvenance":{"resolvedStorageSource":{"bucket":"gcf-v2-sources-546197414910-us-central1","object":"api/function-source.zip","generation":"1780249198282219"}},"dockerRegistry":"ARTIFACT_REGISTRY","serviceAccount":"projects/truckapp-api/serviceAccounts/546197414910-compute@developer.gserviceaccount.com","automaticUpdatePolicy":{}},"serviceConfig":{"service":"projects/truckapp-api/locations/us-central1/services/api","timeoutSeconds":60,"environmentVariables":{"MONGO_URI":"mongodb+srv://egasohar_db_user:DbIMQ0GFUfX6a0lf@egasohar.ojzyfsj.mongodb.net/?appName=EGASohar","JWT_SECRET":"truck_tracking_super_secret_key","JWT_EXPIRES_IN":"7d","FIREBASE_CONFIG":"{\"projectId\":\"truckapp-api\",\"storageBucket\":\"truckapp-api.firebasestorage.app\"}","GCLOUD_PROJECT":"truckapp-api","EVENTARC_CLOUD_EVENT_SOURCE":"projects/truckapp-api/locations/us-central1/services/api","FUNCTION_TARGET":"api","LOG_EXECUTION_ID":"true"},"maxInstanceCount":10,"ingressSettings":"ALLOW_ALL","uri":"https://api-ycroeizo2a-uc.a.run.app","serviceAccountEmail":"546197414910-compute@developer.gserviceaccount.com","availableMemory":"256Mi","allTrafficOnLatestRevision":true,"revision":"api-00017-gok","maxInstanceRequestConcurrency":80,"availableCpu":"1"},"state":"ACTIVE","labels":{"deployment-tool":"cli-firebase","firebase-functions-hash":"e66b0c79741e6e7b24b1ab0b7d53e989657f0d0f"},"environment":"GEN_2","url":"https://us-central1-truckapp-api.cloudfunctions.net/api","satisfiesPzi":true},"stages":[{"name":"BUILD","message":"Build in progress","state":"IN_PROGRESS","resource":"projects/546197414910/locations/us-central1/builds/fdebaed8-48ef-44fd-8fff-f1349764f033","resourceUri":"https://console.cloud.google.com/cloud-build/builds;region=us-central1/fdebaed8-48ef-44fd-8fff-f1349764f033?project=546197414910"},{"name":"SERVICE","state":"NOT_STARTED"}],"operationType":"UPDATE_FUNCTION","buildName":"projects/546197414910/locations/us-central1/builds/fdebaed8-48ef-44fd-8fff-f1349764f033"},"done":false}
[debug] [2026-06-01T15:18:00.717Z] [update-default-us-central1-api] Retrying task index 0
[debug] [2026-06-01T15:18:00.718Z] Checked if tokens are valid: true, expires at: 1780330533853
[debug] [2026-06-01T15:18:00.718Z] Checked if tokens are valid: true, expires at: 1780330533853
[debug] [2026-06-01T15:18:00.719Z] >>> [apiv2][query] GET https://cloudfunctions.googleapis.com/v2/projects/truckapp-api/locations/us-central1/operations/operation-1780327054093-65332b1a4aae0-3b9e2e70-4ab10080 [none]
[debug] [2026-06-01T15:18:02.149Z] <<< [apiv2][status] GET https://cloudfunctions.googleapis.com/v2/projects/truckapp-api/locations/us-central1/operations/operation-1780327054093-65332b1a4aae0-3b9e2e70-4ab10080 200
[debug] [2026-06-01T15:18:02.149Z] <<< [apiv2][body] GET https://cloudfunctions.googleapis.com/v2/projects/truckapp-api/locations/us-central1/operations/operation-1780327054093-65332b1a4aae0-3b9e2e70-4ab10080 {"name":"projects/truckapp-api/locations/us-central1/operations/operation-1780327054093-65332b1a4aae0-3b9e2e70-4ab10080","metadata":{"@type":"type.googleapis.com/google.cloud.functions.v2.OperationMetadata","createTime":"2026-06-01T15:17:35.120404714Z","target":"projects/truckapp-api/locations/us-central1/functions/api","verb":"update","cancelRequested":false,"apiVersion":"v2","requestResource":{"@type":"type.googleapis.com/google.cloud.functions.v2.Function","name":"projects/truckapp-api/locations/us-central1/functions/api","buildConfig":{"runtime":"nodejs24","entryPoint":"api","source":{"storageSource":{"bucket":"gcf-v2-sources-546197414910-us-central1","object":"api/function-source.zip","generation":"1780327055063161"}},"environmentVariables":{"GOOGLE_NODE_RUN_SCRIPTS":""},"dockerRepository":"projects/truckapp-api/locations/us-central1/repositories/gcf-artifacts","sourceProvenance":{"resolvedStorageSource":{"bucket":"gcf-v2-sources-546197414910-us-central1","object":"api/function-source.zip","generation":"1780249198282219"}},"dockerRegistry":"ARTIFACT_REGISTRY","serviceAccount":"projects/truckapp-api/serviceAccounts/546197414910-compute@developer.gserviceaccount.com","automaticUpdatePolicy":{}},"serviceConfig":{"service":"projects/truckapp-api/locations/us-central1/services/api","timeoutSeconds":60,"environmentVariables":{"MONGO_URI":"mongodb+srv://egasohar_db_user:DbIMQ0GFUfX6a0lf@egasohar.ojzyfsj.mongodb.net/?appName=EGASohar","JWT_SECRET":"truck_tracking_super_secret_key","JWT_EXPIRES_IN":"7d","FIREBASE_CONFIG":"{\"projectId\":\"truckapp-api\",\"storageBucket\":\"truckapp-api.firebasestorage.app\"}","GCLOUD_PROJECT":"truckapp-api","EVENTARC_CLOUD_EVENT_SOURCE":"projects/truckapp-api/locations/us-central1/services/api","FUNCTION_TARGET":"api","LOG_EXECUTION_ID":"true"},"maxInstanceCount":10,"ingressSettings":"ALLOW_ALL","uri":"https://api-ycroeizo2a-uc.a.run.app","serviceAccountEmail":"546197414910-compute@developer.gserviceaccount.com","availableMemory":"256Mi","allTrafficOnLatestRevision":true,"revision":"api-00017-gok","maxInstanceRequestConcurrency":80,"availableCpu":"1"},"state":"ACTIVE","labels":{"deployment-tool":"cli-firebase","firebase-functions-hash":"e66b0c79741e6e7b24b1ab0b7d53e989657f0d0f"},"environment":"GEN_2","url":"https://us-central1-truckapp-api.cloudfunctions.net/api","satisfiesPzi":true},"stages":[{"name":"BUILD","message":"Build in progress","state":"IN_PROGRESS","resource":"projects/546197414910/locations/us-central1/builds/fdebaed8-48ef-44fd-8fff-f1349764f033","resourceUri":"https://console.cloud.google.com/cloud-build/builds;region=us-central1/fdebaed8-48ef-44fd-8fff-f1349764f033?project=546197414910"},{"name":"SERVICE","state":"NOT_STARTED"}],"operationType":"UPDATE_FUNCTION","buildName":"projects/546197414910/locations/us-central1/builds/fdebaed8-48ef-44fd-8fff-f1349764f033"},"done":false}
[debug] [2026-06-01T15:18:06.155Z] [update-default-us-central1-api] Retrying task index 0
[debug] [2026-06-01T15:18:06.156Z] Checked if tokens are valid: true, expires at: 1780330533853
[debug] [2026-06-01T15:18:06.156Z] Checked if tokens are valid: true, expires at: 1780330533853
[debug] [2026-06-01T15:18:06.157Z] >>> [apiv2][query] GET https://cloudfunctions.googleapis.com/v2/projects/truckapp-api/locations/us-central1/operations/operation-1780327054093-65332b1a4aae0-3b9e2e70-4ab10080 [none]
[debug] [2026-06-01T15:18:07.599Z] <<< [apiv2][status] GET https://cloudfunctions.googleapis.com/v2/projects/truckapp-api/locations/us-central1/operations/operation-1780327054093-65332b1a4aae0-3b9e2e70-4ab10080 200
[debug] [2026-06-01T15:18:07.600Z] <<< [apiv2][body] GET https://cloudfunctions.googleapis.com/v2/projects/truckapp-api/locations/us-central1/operations/operation-1780327054093-65332b1a4aae0-3b9e2e70-4ab10080 {"name":"projects/truckapp-api/locations/us-central1/operations/operation-1780327054093-65332b1a4aae0-3b9e2e70-4ab10080","metadata":{"@type":"type.googleapis.com/google.cloud.functions.v2.OperationMetadata","createTime":"2026-06-01T15:17:35.120404714Z","target":"projects/truckapp-api/locations/us-central1/functions/api","verb":"update","cancelRequested":false,"apiVersion":"v2","requestResource":{"@type":"type.googleapis.com/google.cloud.functions.v2.Function","name":"projects/truckapp-api/locations/us-central1/functions/api","buildConfig":{"runtime":"nodejs24","entryPoint":"api","source":{"storageSource":{"bucket":"gcf-v2-sources-546197414910-us-central1","object":"api/function-source.zip","generation":"1780327055063161"}},"environmentVariables":{"GOOGLE_NODE_RUN_SCRIPTS":""},"dockerRepository":"projects/truckapp-api/locations/us-central1/repositories/gcf-artifacts","sourceProvenance":{"resolvedStorageSource":{"bucket":"gcf-v2-sources-546197414910-us-central1","object":"api/function-source.zip","generation":"1780249198282219"}},"dockerRegistry":"ARTIFACT_REGISTRY","serviceAccount":"projects/truckapp-api/serviceAccounts/546197414910-compute@developer.gserviceaccount.com","automaticUpdatePolicy":{}},"serviceConfig":{"service":"projects/truckapp-api/locations/us-central1/services/api","timeoutSeconds":60,"environmentVariables":{"MONGO_URI":"mongodb+srv://egasohar_db_user:DbIMQ0GFUfX6a0lf@egasohar.ojzyfsj.mongodb.net/?appName=EGASohar","JWT_SECRET":"truck_tracking_super_secret_key","JWT_EXPIRES_IN":"7d","FIREBASE_CONFIG":"{\"projectId\":\"truckapp-api\",\"storageBucket\":\"truckapp-api.firebasestorage.app\"}","GCLOUD_PROJECT":"truckapp-api","EVENTARC_CLOUD_EVENT_SOURCE":"projects/truckapp-api/locations/us-central1/services/api","FUNCTION_TARGET":"api","LOG_EXECUTION_ID":"true"},"maxInstanceCount":10,"ingressSettings":"ALLOW_ALL","uri":"https://api-ycroeizo2a-uc.a.run.app","serviceAccountEmail":"546197414910-compute@developer.gserviceaccount.com","availableMemory":"256Mi","allTrafficOnLatestRevision":true,"revision":"api-00017-gok","maxInstanceRequestConcurrency":80,"availableCpu":"1"},"state":"ACTIVE","labels":{"deployment-tool":"cli-firebase","firebase-functions-hash":"e66b0c79741e6e7b24b1ab0b7d53e989657f0d0f"},"environment":"GEN_2","url":"https://us-central1-truckapp-api.cloudfunctions.net/api","satisfiesPzi":true},"stages":[{"name":"BUILD","message":"Build in progress","state":"IN_PROGRESS","resource":"projects/546197414910/locations/us-central1/builds/fdebaed8-48ef-44fd-8fff-f1349764f033","resourceUri":"https://console.cloud.google.com/cloud-build/builds;region=us-central1/fdebaed8-48ef-44fd-8fff-f1349764f033?project=546197414910"},{"name":"SERVICE","state":"NOT_STARTED"}],"operationType":"UPDATE_FUNCTION","buildName":"projects/546197414910/locations/us-central1/builds/fdebaed8-48ef-44fd-8fff-f1349764f033"},"done":false}
[debug] [2026-06-01T15:18:15.606Z] [update-default-us-central1-api] Retrying task index 0
[debug] [2026-06-01T15:18:15.607Z] Checked if tokens are valid: true, expires at: 1780330533853
[debug] [2026-06-01T15:18:15.607Z] Checked if tokens are valid: true, expires at: 1780330533853
[debug] [2026-06-01T15:18:15.607Z] >>> [apiv2][query] GET https://cloudfunctions.googleapis.com/v2/projects/truckapp-api/locations/us-central1/operations/operation-1780327054093-65332b1a4aae0-3b9e2e70-4ab10080 [none]
[debug] [2026-06-01T15:18:17.221Z] <<< [apiv2][status] GET https://cloudfunctions.googleapis.com/v2/projects/truckapp-api/locations/us-central1/operations/operation-1780327054093-65332b1a4aae0-3b9e2e70-4ab10080 200
[debug] [2026-06-01T15:18:17.221Z] <<< [apiv2][body] GET https://cloudfunctions.googleapis.com/v2/projects/truckapp-api/locations/us-central1/operations/operation-1780327054093-65332b1a4aae0-3b9e2e70-4ab10080 {"name":"projects/truckapp-api/locations/us-central1/operations/operation-1780327054093-65332b1a4aae0-3b9e2e70-4ab10080","metadata":{"@type":"type.googleapis.com/google.cloud.functions.v2.OperationMetadata","createTime":"2026-06-01T15:17:35.120404714Z","target":"projects/truckapp-api/locations/us-central1/functions/api","verb":"update","cancelRequested":false,"apiVersion":"v2","requestResource":{"@type":"type.googleapis.com/google.cloud.functions.v2.Function","name":"projects/truckapp-api/locations/us-central1/functions/api","buildConfig":{"runtime":"nodejs24","entryPoint":"api","source":{"storageSource":{"bucket":"gcf-v2-sources-546197414910-us-central1","object":"api/function-source.zip","generation":"1780327055063161"}},"environmentVariables":{"GOOGLE_NODE_RUN_SCRIPTS":""},"dockerRepository":"projects/truckapp-api/locations/us-central1/repositories/gcf-artifacts","sourceProvenance":{"resolvedStorageSource":{"bucket":"gcf-v2-sources-546197414910-us-central1","object":"api/function-source.zip","generation":"1780249198282219"}},"dockerRegistry":"ARTIFACT_REGISTRY","serviceAccount":"projects/truckapp-api/serviceAccounts/546197414910-compute@developer.gserviceaccount.com","automaticUpdatePolicy":{}},"serviceConfig":{"service":"projects/truckapp-api/locations/us-central1/services/api","timeoutSeconds":60,"environmentVariables":{"MONGO_URI":"mongodb+srv://egasohar_db_user:DbIMQ0GFUfX6a0lf@egasohar.ojzyfsj.mongodb.net/?appName=EGASohar","JWT_SECRET":"truck_tracking_super_secret_key","JWT_EXPIRES_IN":"7d","FIREBASE_CONFIG":"{\"projectId\":\"truckapp-api\",\"storageBucket\":\"truckapp-api.firebasestorage.app\"}","GCLOUD_PROJECT":"truckapp-api","EVENTARC_CLOUD_EVENT_SOURCE":"projects/truckapp-api/locations/us-central1/services/api","FUNCTION_TARGET":"api","LOG_EXECUTION_ID":"true"},"maxInstanceCount":10,"ingressSettings":"ALLOW_ALL","uri":"https://api-ycroeizo2a-uc.a.run.app","serviceAccountEmail":"546197414910-compute@developer.gserviceaccount.com","availableMemory":"256Mi","allTrafficOnLatestRevision":true,"revision":"api-00017-gok","maxInstanceRequestConcurrency":80,"availableCpu":"1"},"state":"ACTIVE","labels":{"deployment-tool":"cli-firebase","firebase-functions-hash":"e66b0c79741e6e7b24b1ab0b7d53e989657f0d0f"},"environment":"GEN_2","url":"https://us-central1-truckapp-api.cloudfunctions.net/api","satisfiesPzi":true},"stages":[{"name":"BUILD","message":"Build in progress","state":"IN_PROGRESS","resource":"projects/546197414910/locations/us-central1/builds/fdebaed8-48ef-44fd-8fff-f1349764f033","resourceUri":"https://console.cloud.google.com/cloud-build/builds;region=us-central1/fdebaed8-48ef-44fd-8fff-f1349764f033?project=546197414910"},{"name":"SERVICE","state":"NOT_STARTED"}],"operationType":"UPDATE_FUNCTION","buildName":"projects/546197414910/locations/us-central1/builds/fdebaed8-48ef-44fd-8fff-f1349764f033"},"done":false}
[debug] [2026-06-01T15:18:27.232Z] [update-default-us-central1-api] Retrying task index 0
[debug] [2026-06-01T15:18:27.233Z] Checked if tokens are valid: true, expires at: 1780330533853
[debug] [2026-06-01T15:18:27.233Z] Checked if tokens are valid: true, expires at: 1780330533853
[debug] [2026-06-01T15:18:27.234Z] >>> [apiv2][query] GET https://cloudfunctions.googleapis.com/v2/projects/truckapp-api/locations/us-central1/operations/operation-1780327054093-65332b1a4aae0-3b9e2e70-4ab10080 [none]
[debug] [2026-06-01T15:18:28.826Z] <<< [apiv2][status] GET https://cloudfunctions.googleapis.com/v2/projects/truckapp-api/locations/us-central1/operations/operation-1780327054093-65332b1a4aae0-3b9e2e70-4ab10080 200
[debug] [2026-06-01T15:18:28.827Z] <<< [apiv2][body] GET https://cloudfunctions.googleapis.com/v2/projects/truckapp-api/locations/us-central1/operations/operation-1780327054093-65332b1a4aae0-3b9e2e70-4ab10080 {"name":"projects/truckapp-api/locations/us-central1/operations/operation-1780327054093-65332b1a4aae0-3b9e2e70-4ab10080","metadata":{"@type":"type.googleapis.com/google.cloud.functions.v2.OperationMetadata","createTime":"2026-06-01T15:17:35.120404714Z","target":"projects/truckapp-api/locations/us-central1/functions/api","verb":"update","cancelRequested":false,"apiVersion":"v2","requestResource":{"@type":"type.googleapis.com/google.cloud.functions.v2.Function","name":"projects/truckapp-api/locations/us-central1/functions/api","buildConfig":{"runtime":"nodejs24","entryPoint":"api","source":{"storageSource":{"bucket":"gcf-v2-sources-546197414910-us-central1","object":"api/function-source.zip","generation":"1780327055063161"}},"environmentVariables":{"GOOGLE_NODE_RUN_SCRIPTS":""},"dockerRepository":"projects/truckapp-api/locations/us-central1/repositories/gcf-artifacts","sourceProvenance":{"resolvedStorageSource":{"bucket":"gcf-v2-sources-546197414910-us-central1","object":"api/function-source.zip","generation":"1780249198282219"}},"dockerRegistry":"ARTIFACT_REGISTRY","serviceAccount":"projects/truckapp-api/serviceAccounts/546197414910-compute@developer.gserviceaccount.com","automaticUpdatePolicy":{}},"serviceConfig":{"service":"projects/truckapp-api/locations/us-central1/services/api","timeoutSeconds":60,"environmentVariables":{"MONGO_URI":"mongodb+srv://egasohar_db_user:DbIMQ0GFUfX6a0lf@egasohar.ojzyfsj.mongodb.net/?appName=EGASohar","JWT_SECRET":"truck_tracking_super_secret_key","JWT_EXPIRES_IN":"7d","FIREBASE_CONFIG":"{\"projectId\":\"truckapp-api\",\"storageBucket\":\"truckapp-api.firebasestorage.app\"}","GCLOUD_PROJECT":"truckapp-api","EVENTARC_CLOUD_EVENT_SOURCE":"projects/truckapp-api/locations/us-central1/services/api","FUNCTION_TARGET":"api","LOG_EXECUTION_ID":"true"},"maxInstanceCount":10,"ingressSettings":"ALLOW_ALL","uri":"https://api-ycroeizo2a-uc.a.run.app","serviceAccountEmail":"546197414910-compute@developer.gserviceaccount.com","availableMemory":"256Mi","allTrafficOnLatestRevision":true,"revision":"api-00017-gok","maxInstanceRequestConcurrency":80,"availableCpu":"1"},"state":"ACTIVE","labels":{"deployment-tool":"cli-firebase","firebase-functions-hash":"e66b0c79741e6e7b24b1ab0b7d53e989657f0d0f"},"environment":"GEN_2","url":"https://us-central1-truckapp-api.cloudfunctions.net/api","satisfiesPzi":true},"stages":[{"name":"BUILD","message":"Build in progress","state":"IN_PROGRESS","resource":"projects/546197414910/locations/us-central1/builds/fdebaed8-48ef-44fd-8fff-f1349764f033","resourceUri":"https://console.cloud.google.com/cloud-build/builds;region=us-central1/fdebaed8-48ef-44fd-8fff-f1349764f033?project=546197414910"},{"name":"SERVICE","state":"NOT_STARTED"}],"operationType":"UPDATE_FUNCTION","buildName":"projects/546197414910/locations/us-central1/builds/fdebaed8-48ef-44fd-8fff-f1349764f033"},"done":false}
[debug] [2026-06-01T15:18:38.841Z] [update-default-us-central1-api] Retrying task index 0
[debug] [2026-06-01T15:18:38.842Z] Checked if tokens are valid: true, expires at: 1780330533853
[debug] [2026-06-01T15:18:38.843Z] Checked if tokens are valid: true, expires at: 1780330533853
[debug] [2026-06-01T15:18:38.843Z] >>> [apiv2][query] GET https://cloudfunctions.googleapis.com/v2/projects/truckapp-api/locations/us-central1/operations/operation-1780327054093-65332b1a4aae0-3b9e2e70-4ab10080 [none]
[debug] [2026-06-01T15:18:39.376Z] <<< [apiv2][status] GET https://cloudfunctions.googleapis.com/v2/projects/truckapp-api/locations/us-central1/operations/operation-1780327054093-65332b1a4aae0-3b9e2e70-4ab10080 200
[debug] [2026-06-01T15:18:39.376Z] <<< [apiv2][body] GET https://cloudfunctions.googleapis.com/v2/projects/truckapp-api/locations/us-central1/operations/operation-1780327054093-65332b1a4aae0-3b9e2e70-4ab10080 {"name":"projects/truckapp-api/locations/us-central1/operations/operation-1780327054093-65332b1a4aae0-3b9e2e70-4ab10080","metadata":{"@type":"type.googleapis.com/google.cloud.functions.v2.OperationMetadata","createTime":"2026-06-01T15:17:35.120404714Z","target":"projects/truckapp-api/locations/us-central1/functions/api","verb":"update","cancelRequested":false,"apiVersion":"v2","requestResource":{"@type":"type.googleapis.com/google.cloud.functions.v2.Function","name":"projects/truckapp-api/locations/us-central1/functions/api","buildConfig":{"runtime":"nodejs24","entryPoint":"api","source":{"storageSource":{"bucket":"gcf-v2-sources-546197414910-us-central1","object":"api/function-source.zip","generation":"1780327055063161"}},"environmentVariables":{"GOOGLE_NODE_RUN_SCRIPTS":""},"dockerRepository":"projects/truckapp-api/locations/us-central1/repositories/gcf-artifacts","sourceProvenance":{"resolvedStorageSource":{"bucket":"gcf-v2-sources-546197414910-us-central1","object":"api/function-source.zip","generation":"1780249198282219"}},"dockerRegistry":"ARTIFACT_REGISTRY","serviceAccount":"projects/truckapp-api/serviceAccounts/546197414910-compute@developer.gserviceaccount.com","automaticUpdatePolicy":{}},"serviceConfig":{"service":"projects/truckapp-api/locations/us-central1/services/api","timeoutSeconds":60,"environmentVariables":{"MONGO_URI":"mongodb+srv://egasohar_db_user:DbIMQ0GFUfX6a0lf@egasohar.ojzyfsj.mongodb.net/?appName=EGASohar","JWT_SECRET":"truck_tracking_super_secret_key","JWT_EXPIRES_IN":"7d","FIREBASE_CONFIG":"{\"projectId\":\"truckapp-api\",\"storageBucket\":\"truckapp-api.firebasestorage.app\"}","GCLOUD_PROJECT":"truckapp-api","EVENTARC_CLOUD_EVENT_SOURCE":"projects/truckapp-api/locations/us-central1/services/api","FUNCTION_TARGET":"api","LOG_EXECUTION_ID":"true"},"maxInstanceCount":10,"ingressSettings":"ALLOW_ALL","uri":"https://api-ycroeizo2a-uc.a.run.app","serviceAccountEmail":"546197414910-compute@developer.gserviceaccount.com","availableMemory":"256Mi","allTrafficOnLatestRevision":true,"revision":"api-00017-gok","maxInstanceRequestConcurrency":80,"availableCpu":"1"},"state":"ACTIVE","labels":{"deployment-tool":"cli-firebase","firebase-functions-hash":"e66b0c79741e6e7b24b1ab0b7d53e989657f0d0f"},"environment":"GEN_2","url":"https://us-central1-truckapp-api.cloudfunctions.net/api","satisfiesPzi":true},"stages":[{"name":"BUILD","message":"Build finished","state":"COMPLETE","resource":"projects/546197414910/locations/us-central1/builds/fdebaed8-48ef-44fd-8fff-f1349764f033","resourceUri":"https://console.cloud.google.com/cloud-build/builds;region=us-central1/fdebaed8-48ef-44fd-8fff-f1349764f033?project=546197414910"},{"name":"SERVICE","message":"Updating Cloud Run service","state":"IN_PROGRESS","resource":"projects/truckapp-api/locations/us-central1/services/api","resourceUri":"https://console.cloud.google.com/run/detail/us-central1/api?project=truckapp-api","stateMessages":[{"severity":"INFO","type":"CloudRunServiceNewRevisionTrafficInfo","message":"A new revision will be deployed serving with 100% traffic."}]}],"sourceToken":"Cldwcm9qZWN0cy81NDYxOTc0MTQ5MTAvbG9jYXRpb25zL3VzLWNlbnRyYWwxL2J1aWxkcy9mZGViYWVkOC00OGVmLTQ0ZmQtOGZmZi1mMTM0OTc2NGYwMzMSYHVzLWNlbnRyYWwxLWRvY2tlci5wa2cuZGV2L3RydWNrYXBwLWFwaS9nY2YtYXJ0aWZhY3RzL3RydWNrYXBwLS1hcGlfX3VzLS1jZW50cmFsMV9fYXBpOnZlcnNpb25fMRj+x5zf8g8iOXByb2plY3RzL3RydWNrYXBwLWFwaS9sb2NhdGlvbnMvdXMtY2VudHJhbDEvZnVuY3Rpb25zL2FwaSoLCLrF9tAGEMCN2UkyCG5vZGVqczI0OnYKI2djci5pby9nYWUtcnVudGltZXMvbm9kZWpzMjQ6c3RhYmxlEk91cy1jZW50cmFsMS1kb2NrZXIucGtnLmRldi9zZXJ2ZXJsZXNzLXJ1bnRpbWVzL2dvb2dsZS0yNC1mdWxsL3J1bnRpbWVzL25vZGVqczI0QAE=","operationType":"UPDATE_FUNCTION","buildName":"projects/546197414910/locations/us-central1/builds/fdebaed8-48ef-44fd-8fff-f1349764f033"},"done":false}
[debug] [2026-06-01T15:18:39.376Z] Got source token Cldwcm9qZWN0cy81NDYxOTc0MTQ5MTAvbG9jYXRpb25zL3VzLWNlbnRyYWwxL2J1aWxkcy9mZGViYWVkOC00OGVmLTQ0ZmQtOGZmZi1mMTM0OTc2NGYwMzMSYHVzLWNlbnRyYWwxLWRvY2tlci5wa2cuZGV2L3RydWNrYXBwLWFwaS9nY2YtYXJ0aWZhY3RzL3RydWNrYXBwLS1hcGlfX3VzLS1jZW50cmFsMV9fYXBpOnZlcnNpb25fMRj+x5zf8g8iOXByb2plY3RzL3RydWNrYXBwLWFwaS9sb2NhdGlvbnMvdXMtY2VudHJhbDEvZnVuY3Rpb25zL2FwaSoLCLrF9tAGEMCN2UkyCG5vZGVqczI0OnYKI2djci5pby9nYWUtcnVudGltZXMvbm9kZWpzMjQ6c3RhYmxlEk91cy1jZW50cmFsMS1kb2NrZXIucGtnLmRldi9zZXJ2ZXJsZXNzLXJ1bnRpbWVzL2dvb2dsZS0yNC1mdWxsL3J1bnRpbWVzL25vZGVqczI0QAE= for region us-central1
[debug] [2026-06-01T15:18:49.392Z] [update-default-us-central1-api] Retrying task index 0
[debug] [2026-06-01T15:18:49.393Z] Checked if tokens are valid: true, expires at: 1780330533853
[debug] [2026-06-01T15:18:49.393Z] Checked if tokens are valid: true, expires at: 1780330533853
[debug] [2026-06-01T15:18:49.394Z] >>> [apiv2][query] GET https://cloudfunctions.googleapis.com/v2/projects/truckapp-api/locations/us-central1/operations/operation-1780327054093-65332b1a4aae0-3b9e2e70-4ab10080 [none]
[debug] [2026-06-01T15:18:50.952Z] <<< [apiv2][status] GET https://cloudfunctions.googleapis.com/v2/projects/truckapp-api/locations/us-central1/operations/operation-1780327054093-65332b1a4aae0-3b9e2e70-4ab10080 200
[debug] [2026-06-01T15:18:50.952Z] <<< [apiv2][body] GET https://cloudfunctions.googleapis.com/v2/projects/truckapp-api/locations/us-central1/operations/operation-1780327054093-65332b1a4aae0-3b9e2e70-4ab10080 {"name":"projects/truckapp-api/locations/us-central1/operations/operation-1780327054093-65332b1a4aae0-3b9e2e70-4ab10080","metadata":{"@type":"type.googleapis.com/google.cloud.functions.v2.OperationMetadata","createTime":"2026-06-01T15:17:35.120404714Z","endTime":"2026-06-01T15:18:33.104588427Z","target":"projects/truckapp-api/locations/us-central1/functions/api","verb":"update","cancelRequested":false,"apiVersion":"v2","requestResource":{"@type":"type.googleapis.com/google.cloud.functions.v2.Function","name":"projects/truckapp-api/locations/us-central1/functions/api","buildConfig":{"runtime":"nodejs24","entryPoint":"api","source":{"storageSource":{"bucket":"gcf-v2-sources-546197414910-us-central1","object":"api/function-source.zip","generation":"1780327055063161"}},"environmentVariables":{"GOOGLE_NODE_RUN_SCRIPTS":""},"dockerRepository":"projects/truckapp-api/locations/us-central1/repositories/gcf-artifacts","sourceProvenance":{"resolvedStorageSource":{"bucket":"gcf-v2-sources-546197414910-us-central1","object":"api/function-source.zip","generation":"1780249198282219"}},"dockerRegistry":"ARTIFACT_REGISTRY","serviceAccount":"projects/truckapp-api/serviceAccounts/546197414910-compute@developer.gserviceaccount.com","automaticUpdatePolicy":{}},"serviceConfig":{"service":"projects/truckapp-api/locations/us-central1/services/api","timeoutSeconds":60,"environmentVariables":{"MONGO_URI":"mongodb+srv://egasohar_db_user:DbIMQ0GFUfX6a0lf@egasohar.ojzyfsj.mongodb.net/?appName=EGASohar","JWT_SECRET":"truck_tracking_super_secret_key","JWT_EXPIRES_IN":"7d","FIREBASE_CONFIG":"{\"projectId\":\"truckapp-api\",\"storageBucket\":\"truckapp-api.firebasestorage.app\"}","GCLOUD_PROJECT":"truckapp-api","EVENTARC_CLOUD_EVENT_SOURCE":"projects/truckapp-api/locations/us-central1/services/api","FUNCTION_TARGET":"api","LOG_EXECUTION_ID":"true"},"maxInstanceCount":10,"ingressSettings":"ALLOW_ALL","uri":"https://api-ycroeizo2a-uc.a.run.app","serviceAccountEmail":"546197414910-compute@developer.gserviceaccount.com","availableMemory":"256Mi","allTrafficOnLatestRevision":true,"revision":"api-00017-gok","maxInstanceRequestConcurrency":80,"availableCpu":"1"},"state":"ACTIVE","labels":{"deployment-tool":"cli-firebase","firebase-functions-hash":"e66b0c79741e6e7b24b1ab0b7d53e989657f0d0f"},"environment":"GEN_2","url":"https://us-central1-truckapp-api.cloudfunctions.net/api","satisfiesPzi":true},"stages":[{"name":"BUILD","message":"Build finished","state":"COMPLETE","resource":"projects/546197414910/locations/us-central1/builds/fdebaed8-48ef-44fd-8fff-f1349764f033","resourceUri":"https://console.cloud.google.com/cloud-build/builds;region=us-central1/fdebaed8-48ef-44fd-8fff-f1349764f033?project=546197414910"},{"name":"SERVICE","message":"Updating Cloud Run service","state":"COMPLETE","resource":"projects/truckapp-api/locations/us-central1/services/api","resourceUri":"https://console.cloud.google.com/run/detail/us-central1/api?project=truckapp-api","stateMessages":[{"severity":"INFO","type":"CloudRunServiceNewRevisionTrafficInfo","message":"A new revision will be deployed serving with 100% traffic."}]}],"sourceToken":"Cldwcm9qZWN0cy81NDYxOTc0MTQ5MTAvbG9jYXRpb25zL3VzLWNlbnRyYWwxL2J1aWxkcy9mZGViYWVkOC00OGVmLTQ0ZmQtOGZmZi1mMTM0OTc2NGYwMzMSYHVzLWNlbnRyYWwxLWRvY2tlci5wa2cuZGV2L3RydWNrYXBwLWFwaS9nY2YtYXJ0aWZhY3RzL3RydWNrYXBwLS1hcGlfX3VzLS1jZW50cmFsMV9fYXBpOnZlcnNpb25fMRj+x5zf8g8iOXByb2plY3RzL3RydWNrYXBwLWFwaS9sb2NhdGlvbnMvdXMtY2VudHJhbDEvZnVuY3Rpb25zL2FwaSoLCLrF9tAGEMCN2UkyCG5vZGVqczI0OnYKI2djci5pby9nYWUtcnVudGltZXMvbm9kZWpzMjQ6c3RhYmxlEk91cy1jZW50cmFsMS1kb2NrZXIucGtnLmRldi9zZXJ2ZXJsZXNzLXJ1bnRpbWVzL2dvb2dsZS0yNC1mdWxsL3J1bnRpbWVzL25vZGVqczI0QAE=","operationType":"UPDATE_FUNCTION","buildName":"projects/546197414910/locations/us-central1/builds/fdebaed8-48ef-44fd-8fff-f1349764f033"},"done":true,"response":{"@type":"type.googleapis.com/google.cloud.functions.v2.Function","name":"projects/truckapp-api/locations/us-central1/functions/api","buildConfig":{"build":"projects/546197414910/locations/us-central1/builds/fdebaed8-48ef-44fd-8fff-f1349764f033","runtime":"nodejs24","entryPoint":"api","source":{"storageSource":{"bucket":"gcf-v2-sources-546197414910-us-central1","object":"api/function-source.zip","generation":"1780327055063161"}},"environmentVariables":{"GOOGLE_NODE_RUN_SCRIPTS":""},"dockerRepository":"projects/truckapp-api/locations/us-central1/repositories/gcf-artifacts","sourceProvenance":{"resolvedStorageSource":{"bucket":"gcf-v2-sources-546197414910-us-central1","object":"api/function-source.zip","generation":"1780327055063161"}},"dockerRegistry":"ARTIFACT_REGISTRY","serviceAccount":"projects/truckapp-api/serviceAccounts/546197414910-compute@developer.gserviceaccount.com","automaticUpdatePolicy":{}},"serviceConfig":{"service":"projects/truckapp-api/locations/us-central1/services/api","timeoutSeconds":60,"environmentVariables":{"MONGO_URI":"mongodb+srv://egasohar_db_user:DbIMQ0GFUfX6a0lf@egasohar.ojzyfsj.mongodb.net/?appName=EGASohar","JWT_SECRET":"truck_tracking_super_secret_key","JWT_EXPIRES_IN":"7d","FIREBASE_CONFIG":"{\"projectId\":\"truckapp-api\",\"storageBucket\":\"truckapp-api.firebasestorage.app\"}","GCLOUD_PROJECT":"truckapp-api","EVENTARC_CLOUD_EVENT_SOURCE":"projects/truckapp-api/locations/us-central1/services/api","FUNCTION_TARGET":"api","LOG_EXECUTION_ID":"true"},"maxInstanceCount":10,"ingressSettings":"ALLOW_ALL","uri":"https://api-ycroeizo2a-uc.a.run.app","serviceAccountEmail":"546197414910-compute@developer.gserviceaccount.com","availableMemory":"256Mi","allTrafficOnLatestRevision":true,"revision":"api-00018-duk","maxInstanceRequestConcurrency":80,"availableCpu":"1"},"state":"ACTIVE","updateTime":"2026-06-01T15:17:35.122718252Z","labels":{"firebase-functions-hash":"e66b0c79741e6e7b24b1ab0b7d53e989657f0d0f","deployment-tool":"cli-firebase"},"environment":"GEN_2","url":"https://us-central1-truckapp-api.cloudfunctions.net/api","createTime":"2026-05-15T13:43:32.318601862Z","satisfiesPzi":true}}
[debug] [2026-06-01T15:18:50.952Z] Got source token Cldwcm9qZWN0cy81NDYxOTc0MTQ5MTAvbG9jYXRpb25zL3VzLWNlbnRyYWwxL2J1aWxkcy9mZGViYWVkOC00OGVmLTQ0ZmQtOGZmZi1mMTM0OTc2NGYwMzMSYHVzLWNlbnRyYWwxLWRvY2tlci5wa2cuZGV2L3RydWNrYXBwLWFwaS9nY2YtYXJ0aWZhY3RzL3RydWNrYXBwLS1hcGlfX3VzLS1jZW50cmFsMV9fYXBpOnZlcnNpb25fMRj+x5zf8g8iOXByb2plY3RzL3RydWNrYXBwLWFwaS9sb2NhdGlvbnMvdXMtY2VudHJhbDEvZnVuY3Rpb25zL2FwaSoLCLrF9tAGEMCN2UkyCG5vZGVqczI0OnYKI2djci5pby9nYWUtcnVudGltZXMvbm9kZWpzMjQ6c3RhYmxlEk91cy1jZW50cmFsMS1kb2NrZXIucGtnLmRldi9zZXJ2ZXJsZXNzLXJ1bnRpbWVzL2dvb2dsZS0yNC1mdWxsL3J1bnRpbWVzL25vZGVqczI0QAE= for region us-central1
[info] +  functions[api(us-central1)] Successful update operation. 
[debug] [2026-06-01T15:18:50.965Z] Total Function Deployment time: 60675
[debug] [2026-06-01T15:18:50.965Z] 1 Functions Deployed
[debug] [2026-06-01T15:18:50.965Z] 0 Functions Errored
[debug] [2026-06-01T15:18:50.965Z] 0 Function Deployments Aborted
[debug] [2026-06-01T15:18:50.965Z] Average Function Deployment time: 60674
[info] Function URL (api(us-central1)): https://api-ycroeizo2a-uc.a.run.app
[debug] [2026-06-01T15:18:51.548Z] Checked if tokens are valid: true, expires at: 1780330533853
[debug] [2026-06-01T15:18:51.548Z] Checked if tokens are valid: true, expires at: 1780330533853
[debug] [2026-06-01T15:18:51.549Z] >>> [apiv2][query] GET https://artifactregistry.googleapis.com/v1/projects/truckapp-api/locations/us-central1/repositories/gcf-artifacts [none]
[debug] [2026-06-01T15:18:53.227Z] <<< [apiv2][status] GET https://artifactregistry.googleapis.com/v1/projects/truckapp-api/locations/us-central1/repositories/gcf-artifacts 200
[debug] [2026-06-01T15:18:53.228Z] <<< [apiv2][body] GET https://artifactregistry.googleapis.com/v1/projects/truckapp-api/locations/us-central1/repositories/gcf-artifacts {"name":"projects/truckapp-api/locations/us-central1/repositories/gcf-artifacts","format":"DOCKER","description":"This repository is created and used by Cloud Functions for storing function docker images.","labels":{"goog-managed-by":"cloudfunctions"},"createTime":"2026-05-15T13:43:53.067354Z","updateTime":"2026-06-01T15:18:14.525509Z","mode":"STANDARD_REPOSITORY","cleanupPolicies":{"firebase-functions-cleanup":{"id":"firebase-functions-cleanup","action":"DELETE","condition":{"tagState":"ANY","olderThan":"86400s"}}},"sizeBytes":"144791870","vulnerabilityScanningConfig":{"lastEnableTime":"2026-05-15T13:43:32.539794679Z","enablementState":"SCANNING_DISABLED","enablementStateReason":"API containerscanning.googleapis.com is not enabled."},"satisfiesPzi":true,"registryUri":"us-central1-docker.pkg.dev/truckapp-api/gcf-artifacts"}
[info] 
[info] +  Deploy complete! 
[info] 
[info] Project Console: https://console.firebase.google.com/project/truckapp-api/overview
